2025-03-19 17:41:17,212 - NetgateX - INFO - NetgateX iniciado
2025-03-19 17:41:17,225 - NetgateX - INFO - Usando interface padrão: Qualcomm QCA61x4A 802.11ac Wireless Adapter
2025-03-19 17:41:17,228 - NetgateX - INFO - Inicializando NetgateX em modo CLI...
2025-03-19 17:41:17,241 - NetgateX - INFO - Usando interface: Qualcomm QCA61x4A 802.11ac Wireless Adapter
2025-03-19 17:41:17,241 - NetgateX - INFO - SUCCESS: Componentes inicializados com sucesso.
2025-03-19 17:41:17,242 - NetgateX - INFO - Modo CLI ativado.
2025-03-19 17:41:17,243 - NetgateX - INFO - Digite 'help' para ver os comandos disponíveis.
2025-03-19 17:41:43,263 - NetgateX - ERROR - Erro ao processar comando: 'mac'
2025-03-19 17:41:47,133 - NetgateX - INFO - Escaneando redes com interface Qualcomm QCA61x4A 802.11ac Wireless Adapter...
2025-03-19 17:41:47,134 - NetgateX - INFO - Escaneando redes com interface Qualcomm QCA61x4A 802.11ac Wireless Adapter...
2025-03-19 17:41:52,371 - NetgateX - INFO - Encontradas 29 redes.
2025-03-19 17:42:06,749 - NetgateX - INFO - Iniciando monitoramento na interface Qualcomm QCA61x4A 802.11ac Wireless Adapter...
2025-03-19 17:42:06,749 - NetgateX - WARNING - Windows tem suporte limitado para análise de tráfego WiFi.
2025-03-19 17:42:06,750 - NetgateX - WARNING - Modo monitor pode não funcionar corretamente no Windows.
2025-03-19 17:42:06,750 - NetgateX - INFO - Realizando captura em modo normal (sem monitor mode).
2025-03-19 17:42:06,751 - NetgateX - INFO - Modo monitor não solicitado. Usando interface em modo normal.
2025-03-19 17:42:06,751 - NetgateX - INFO - Iniciando captura de pacotes na interface Qualcomm QCA61x4A 802.11ac Wireless Adapter...
2025-03-19 17:42:06,752 - NetgateX - INFO - SUCCESS: Captura iniciada com sucesso.
2025-03-19 17:42:06,753 - NetgateX - INFO - Pressione Ctrl+C para parar o monitoramento.
2025-03-19 17:42:26,078 - NetgateX - INFO - Sinal de interrupção recebido. Encerrando...
2025-03-19 17:42:26,081 - NetgateX - INFO - Encerrando NetgateX...
2025-03-19 17:42:26,082 - NetgateX - INFO - SUCCESS: NetgateX encerrado.
2025-03-19 17:42:26,084 - NetgateX - INFO - Parando captura de pacotes...
2025-03-19 17:42:26,085 - NetgateX - INFO - Aguardando a thread de captura finalizar...
2025-03-19 17:42:26,086 - NetgateX - INFO - SUCCESS: Captura finalizada. 0 pacotes capturados em 19.34 segundos.
2025-03-19 17:42:26,088 - NetgateX - INFO - Redes encontradas: 0, Dispositivos: 0
2025-03-19 17:42:26,089 - NetgateX - INFO - Monitoramento finalizado.
